Start testing: Jul 05 00:20 UTC
----------------------------------------------------------
1/3 Testing: CicdGoogleTests
1/3 Test: CicdGoogleTests
Command: "/home/travis/build/jketra/otus_cpp/hw1_cicd/tests/GoogleTests/CicdGoogleTests"
Directory: /home/travis/build/jketra/otus_cpp/hw1_cicd/tests/GoogleTests
"CicdGoogleTests" start time: Jul 05 00:20 UTC
Output:
----------------------------------------------------------
[==========] Running 1 test from 1 test case.
[----------] Global test environment set-up.
[----------] 1 test from ProjectVersionTests
[ RUN      ] ProjectVersionTests.PatchNumber
[       OK ] ProjectVersionTests.PatchNumber (0 ms)
[----------] 1 test from ProjectVersionTests (0 ms total)

[----------] Global test environment tear-down
[==========] 1 test from 1 test case ran. (0 ms total)
[  PASSED  ] 1 test.
<end of output>
Test time =   0.00 sec
----------------------------------------------------------
Test Passed.
"CicdGoogleTests" end time: Jul 05 00:20 UTC
"CicdGoogleTests" time elapsed: 00:00:00
----------------------------------------------------------

2/3 Testing: IpFilterTests
2/3 Test: IpFilterTests
Command: "/home/travis/build/jketra/otus_cpp/hw2_ip_filter/tests/IpFilterTests/IpFilterTests"
Directory: /home/travis/build/jketra/otus_cpp/hw2_ip_filter/tests/IpFilterTests
"IpFilterTests" start time: Jul 05 00:20 UTC
Output:
----------------------------------------------------------
[==========] Running 10 tests from 2 test cases.
[----------] Global test environment set-up.
[----------] 7 tests from IpStorageTests
[ RUN      ] IpStorageTests.AddValidIpV4
[       OK ] IpStorageTests.AddValidIpV4 (0 ms)
[ RUN      ] IpStorageTests.AddValidString
[       OK ] IpStorageTests.AddValidString (0 ms)
[ RUN      ] IpStorageTests.AddInvalidIpV4
-- Invalid IpV4: 20.-1.0.0
-- Invalid IpV4: 0.0.256.0
[       OK ] IpStorageTests.AddInvalidIpV4 (0 ms)
[ RUN      ] IpStorageTests.AddInvalidString
-- Invalid IpV4: 0.-1.4.60
-- Invalid IpV4: 255.200.256.60
-- Invalid input: 5.200,10.3
-- Bad input: stoi: 5.200.10.a
-- Invalid input: 5.200.10.11.12
-- Invalid input: 5.200.
[       OK ] IpStorageTests.AddInvalidString (2 ms)
[ RUN      ] IpStorageTests.PrintFilteredByFirstBytes
[       OK ] IpStorageTests.PrintFilteredByFirstBytes (0 ms)
[ RUN      ] IpStorageTests.PrintIpsContainsByte
[       OK ] IpStorageTests.PrintIpsContainsByte (0 ms)
[ RUN      ] IpStorageTests.ControlDataset
[       OK ] IpStorageTests.ControlDataset (5 ms)
[----------] 7 tests from IpStorageTests (7 ms total)

[----------] 3 tests from IpV4Tests
[ RUN      ] IpV4Tests.GetBytes
[       OK ] IpV4Tests.GetBytes (0 ms)
[ RUN      ] IpV4Tests.Comparison
[       OK ] IpV4Tests.Comparison (0 ms)
[ RUN      ] IpV4Tests.Output
[       OK ] IpV4Tests.Output (0 ms)
[----------] 3 tests from IpV4Tests (0 ms total)

[----------] Global test environment tear-down
[==========] 10 tests from 2 test cases ran. (7 ms total)
[  PASSED  ] 10 tests.
<end of output>
Test time =   0.01 sec
----------------------------------------------------------
Test Passed.
"IpFilterTests" end time: Jul 05 00:20 UTC
"IpFilterTests" time elapsed: 00:00:00
----------------------------------------------------------

3/3 Testing: PrintIpTests
3/3 Test: PrintIpTests
Command: "/home/travis/build/jketra/otus_cpp/hw4_print_ip/tests/PrintIpTests/PrintIpTests"
Directory: /home/travis/build/jketra/otus_cpp/hw4_print_ip/tests/PrintIpTests
"PrintIpTests" start time: Jul 05 00:20 UTC
Output:
----------------------------------------------------------
[==========] Running 4 tests from 1 test case.
[----------] Global test environment set-up.
[----------] 4 tests from PrintIpTests
[ RUN      ] PrintIpTests.IntegerInput
[       OK ] PrintIpTests.IntegerInput (0 ms)
[ RUN      ] PrintIpTests.StringInput
[       OK ] PrintIpTests.StringInput (0 ms)
[ RUN      ] PrintIpTests.ContainerInput
[       OK ] PrintIpTests.ContainerInput (0 ms)
[ RUN      ] PrintIpTests.TupleInput
[       OK ] PrintIpTests.TupleInput (0 ms)
[----------] 4 tests from PrintIpTests (0 ms total)

[----------] Global test environment tear-down
[==========] 4 tests from 1 test case ran. (0 ms total)
[  PASSED  ] 4 tests.
<end of output>
Test time =   0.00 sec
----------------------------------------------------------
Test Passed.
"PrintIpTests" end time: Jul 05 00:20 UTC
"PrintIpTests" time elapsed: 00:00:00
----------------------------------------------------------

End testing: Jul 05 00:20 UTC
